error[E0433]: failed to resolve: could not find `CrabLangcDecodable` in `core`
  --> $DIR/builtin-std-paths-fail.rs:2:11
   |
LL |     core::CrabLangcDecodable,
   |           ^^^^^^^^^^^^^^ could not find `CrabLangcDecodable` in `core`

error[E0433]: failed to resolve: could not find `CrabLangcDecodable` in `core`
  --> $DIR/builtin-std-paths-fail.rs:4:11
   |
LL |     core::CrabLangcDecodable,
   |           ^^^^^^^^^^^^^^ could not find `CrabLangcDecodable` in `core`

error[E0433]: failed to resolve: could not find `CrabLangcDecodable` in `core`
  --> $DIR/builtin-std-paths-fail.rs:2:11
   |
LL |     core::CrabLangcDecodable,
   |           ^^^^^^^^^^^^^^ could not find `CrabLangcDecodable` in `core`

error[E0433]: failed to resolve: could not find `CrabLangcDecodable` in `core`
  --> $DIR/builtin-std-paths-fail.rs:4:11
   |
LL |     core::CrabLangcDecodable,
   |           ^^^^^^^^^^^^^^ could not find `CrabLangcDecodable` in `core`

error[E0433]: failed to resolve: could not find `bench` in `core`
  --> $DIR/builtin-std-paths-fail.rs:7:9
   |
LL | #[core::bench]
   |         ^^^^^ could not find `bench` in `core`

error[E0433]: failed to resolve: could not find `global_allocator` in `core`
  --> $DIR/builtin-std-paths-fail.rs:8:9
   |
LL | #[core::global_allocator]
   |         ^^^^^^^^^^^^^^^^ could not find `global_allocator` in `core`

error[E0433]: failed to resolve: could not find `test_case` in `core`
  --> $DIR/builtin-std-paths-fail.rs:9:9
   |
LL | #[core::test_case]
   |         ^^^^^^^^^ could not find `test_case` in `core`

error[E0433]: failed to resolve: could not find `test` in `core`
  --> $DIR/builtin-std-paths-fail.rs:10:9
   |
LL | #[core::test]
   |         ^^^^ could not find `test` in `core`

error[E0433]: failed to resolve: could not find `CrabLangcDecodable` in `std`
  --> $DIR/builtin-std-paths-fail.rs:14:10
   |
LL |     std::CrabLangcDecodable,
   |          ^^^^^^^^^^^^^^ could not find `CrabLangcDecodable` in `std`

error[E0433]: failed to resolve: could not find `CrabLangcDecodable` in `std`
  --> $DIR/builtin-std-paths-fail.rs:16:10
   |
LL |     std::CrabLangcDecodable,
   |          ^^^^^^^^^^^^^^ could not find `CrabLangcDecodable` in `std`

error[E0433]: failed to resolve: could not find `CrabLangcDecodable` in `std`
  --> $DIR/builtin-std-paths-fail.rs:14:10
   |
LL |     std::CrabLangcDecodable,
   |          ^^^^^^^^^^^^^^ could not find `CrabLangcDecodable` in `std`

error[E0433]: failed to resolve: could not find `CrabLangcDecodable` in `std`
  --> $DIR/builtin-std-paths-fail.rs:16:10
   |
LL |     std::CrabLangcDecodable,
   |          ^^^^^^^^^^^^^^ could not find `CrabLangcDecodable` in `std`

error[E0433]: failed to resolve: could not find `bench` in `std`
  --> $DIR/builtin-std-paths-fail.rs:19:8
   |
LL | #[std::bench]
   |        ^^^^^ could not find `bench` in `std`

error[E0433]: failed to resolve: could not find `global_allocator` in `std`
  --> $DIR/builtin-std-paths-fail.rs:20:8
   |
LL | #[std::global_allocator]
   |        ^^^^^^^^^^^^^^^^ could not find `global_allocator` in `std`

error[E0433]: failed to resolve: could not find `test_case` in `std`
  --> $DIR/builtin-std-paths-fail.rs:21:8
   |
LL | #[std::test_case]
   |        ^^^^^^^^^ could not find `test_case` in `std`

error[E0433]: failed to resolve: could not find `test` in `std`
  --> $DIR/builtin-std-paths-fail.rs:22:8
   |
LL | #[std::test]
   |        ^^^^ could not find `test` in `std`

error: aborting due to 16 previous errors

For more information about this error, try `crablangc --explain E0433`.
