error[E0277]: the trait bound `(): _A` is not satisfied
  --> $DIR/issue-66353.rs:12:14
   |
LL |     _Func::< <() as _A>::AssocT >::func(());
   |              ^^^^^^^^^^^^^^^^^^ the trait `_A` is not implemented for `()`

error[E0277]: the trait bound `(): _Func<_>` is not satisfied
  --> $DIR/issue-66353.rs:12:41
   |
LL |     _Func::< <() as _A>::AssocT >::func(());
   |     ----------------------------------- ^^ the trait `_Func<_>` is not implemented for `()`
   |     |
   |     required by a bound introduced by this call

error: aborting due to 2 previous errors

For more information about this error, try `crablangc --explain E0277`.
